WARNING: Logging before InitGoogleLogging() is written to STDERR
I1211 23:27:27.570560  5102 net.cpp:49] Initializing net from parameters: 
name: "VGG_ILSVRC_16_layers"
input: "data"
input: "im_info"
state {
  phase: TEST
}
input_shape {
  dim: 1
  dim: 3
  dim: 224
  dim: 224
}
input_shape {
  dim: 1
  dim: 3
}
layer {
  name: "conv1_1"
  type: "Convolution"
  bottom: "data"
  top: "conv1_1"
  convolution_param {
    num_output: 64
    pad: 1
    kernel_size: 3
  }
}
layer {
  name: "relu1_1"
  type: "ReLU"
  bottom: "conv1_1"
  top: "conv1_1"
}
layer {
  name: "conv1_2"
  type: "Convolution"
  bottom: "conv1_1"
  top: "conv1_2"
  convolution_param {
    num_output: 64
    pad: 1
    kernel_size: 3
  }
}
layer {
  name: "relu1_2"
  type: "ReLU"
  bottom: "conv1_2"
  top: "conv1_2"
}
layer {
  name: "pool1"
  type: "Pooling"
  bottom: "conv1_2"
  top: "pool1"
  pooling_param {
    pool: MAX
    kernel_size: 2
    stride: 2
  }
}
layer {
  name: "conv2_1"
  type: "Convolution"
  bottom: "pool1"
  top: "conv2_1"
  convolution_param {
    num_output: 128
    pad: 1
    kernel_size: 3
  }
}
layer {
  name: "relu2_1"
  type: "ReLU"
  bottom: "conv2_1"
  top: "conv2_1"
}
layer {
  name: "conv2_2"
  type: "Convolution"
  bottom: "conv2_1"
  top: "conv2_2"
  convolution_param {
    num_output: 128
    pad: 1
    kernel_size: 3
  }
}
layer {
  name: "relu2_2"
  type: "ReLU"
  bottom: "conv2_2"
  top: "conv2_2"
}
layer {
  name: "pool2"
  type: "Pooling"
  bottom: "conv2_2"
  top: "pool2"
  pooling_param {
    pool: MAX
    kernel_size: 2
    stride: 2
  }
}
layer {
  name: "conv3_1"
  type: "Convolution"
  bottom: "pool2"
  top: "conv3_1"
  convolution_param {
    num_output: 256
    pad: 1
    kernel_size: 3
  }
}
layer {
  name: "relu3_1"
  type: "ReLU"
  bottom: "conv3_1"
  top: "conv3_1"
}
layer {
  name: "conv3_2"
  type: "Convolution"
  bottom: "conv3_1"
  top: "conv3_2"
  convolution_param {
    num_output: 256
    pad: 1
    kernel_size: 3
  }
}
layer {
  name: "relu3_2"
  type: "ReLU"
  bottom: "conv3_2"
  top: "conv3_2"
}
layer {
  name: "conv3_3"
  type: "Convolution"
  bottom: "conv3_2"
  top: "conv3_3"
  convolution_param {
    num_output: 256
    pad: 1
    kernel_size: 3
  }
}
layer {
  name: "relu3_3"
  type: "ReLU"
  bottom: "conv3_3"
  top: "conv3_3"
}
layer {
  name: "pool3"
  type: "Pooling"
  bottom: "conv3_3"
  top: "pool3"
  pooling_param {
    pool: MAX
    kernel_size: 2
    stride: 2
  }
}
layer {
  name: "conv4_1"
  type: "Convolution"
  bottom: "pool3"
  top: "conv4_1"
  convolution_param {
    num_output: 512
    pad: 1
    kernel_size: 3
  }
}
layer {
  name: "relu4_1"
  type: "ReLU"
  bottom: "conv4_1"
  top: "conv4_1"
}
layer {
  name: "conv4_2"
  type: "Convolution"
  bottom: "conv4_1"
  top: "conv4_2"
  convolution_param {
    num_output: 512
    pad: 1
    kernel_size: 3
  }
}
layer {
  name: "relu4_2"
  type: "ReLU"
  bottom: "conv4_2"
  top: "conv4_2"
}
layer {
  name: "conv4_3"
  type: "Convolution"
  bottom: "conv4_2"
  top: "conv4_3"
  convolution_param {
    num_output: 512
    pad: 1
    kernel_size: 3
  }
}
layer {
  name: "relu4_3"
  type: "ReLU"
  bottom: "conv4_3"
  top: "conv4_3"
}
layer {
  name: "pool4"
  type: "Pooling"
  bottom: "conv4_3"
  top: "pool4"
  pooling_param {
    pool: MAX
    kernel_size: 2
    stride: 2
  }
}
layer {
  name: "conv5_1"
  type: "Convolution"
  bottom: "pool4"
  top: "conv5_1"
  convolution_param {
    num_output: 512
    pad: 1
    kernel_size: 3
  }
}
layer {
  name: "relu5_1"
  type: "ReLU"
  bottom: "conv5_1"
  top: "conv5_1"
}
layer {
  name: "conv5_2"
  type: "Convolution"
  bottom: "conv5_1"
  top: "conv5_2"
  convolution_param {
    num_output: 512
    pad: 1
    kernel_size: 3
  }
}
layer {
  name: "relu5_2"
  type: "ReLU"
  bottom: "conv5_2"
  top: "conv5_2"
}
layer {
  name: "conv5_3"
  type: "Convolution"
  bottom: "conv5_2"
  top: "conv5_3"
  convolution_param {
    num_output: 512
    pad: 1
    kernel_size: 3
  }
}
layer {
  name: "relu5_3"
  type: "ReLU"
  bottom: "conv5_3"
  top: "conv5_3"
}
layer {
  name: "rpn_conv/3x3"
  type: "Convolution"
  bottom: "conv5_3"
  top: "rpn/output"
  convolution_param {
    num_output: 512
    pad: 1
    kernel_size: 3
    stride: 1
  }
}
layer {
  name: "rpn_relu/3x3"
  type: "ReLU"
  bottom: "rpn/output"
  top: "rpn/output"
}
layer {
  name: "rpn_cls_score"
  type: "Convolution"
  bottom: "rpn/output"
  top: "rpn_cls_score"
  convolution_param {
    num_output: 18
    pad: 0
    kernel_size: 1
    stride: 1
  }
}
layer {
  name: "rpn_bbox_pred"
  type: "Convolution"
  bottom: "rpn/output"
  top: "rpn_bbox_pred"
  convolution_param {
    num_output: 36
    pad: 0
    kernel_size: 1
    stride: 1
  }
}
layer {
  name: "rpn_cls_score_reshape"
  type: "Reshape"
  bottom: "rpn_cls_score"
  top: "rpn_cls_score_reshape"
  reshape_param {
    shape {
      dim: 0
      dim: 2
      dim: -1
      dim: 0
    }
  }
}
layer {
  name: "rpn_cls_prob"
  type: "Softmax"
  bottom: "rpn_cls_score_reshape"
  top: "rpn_cls_prob"
}
layer {
  name: "rpn_cls_prob_reshape"
  type: "Reshape"
  bottom: "rpn_cls_prob"
  top: "rpn_cls_prob_reshape"
  reshape_param {
    shape {
      dim: 0
      dim: 18
      dim: -1
      dim: 0
    }
  }
}
layer {
  name: "proposal"
  type: "Python"
  bottom: "rpn_cls_prob_reshape"
  bottom: "rpn_bbox_pred"
  bottom: "im_info"
  top: "rois"
  python_param {
    module: "rpn.proposal_layer"
    layer: "ProposalLayer"
    param_str: "\'feat_stride\': 16"
  }
}
layer {
  name: "roi_pool5"
  type: "ROIPooling"
  bottom: "conv5_3"
  bottom: "rois"
  top: "pool5"
  roi_pooling_param {
    pooled_h: 7
    pooled_w: 7
    spatial_scale: 0.0625
  }
}
layer {
  name: "fc6"
  type: "InnerProduct"
  bottom: "pool5"
  top: "fc6"
  inner_product_param {
    num_output: 4096
  }
}
layer {
  name: "relu6"
  type: "ReLU"
  bottom: "fc6"
  top: "fc6"
}
layer {
  name: "fc7"
  type: "InnerProduct"
  bottom: "fc6"
  top: "fc7"
  inner_product_param {
    num_output: 4096
  }
}
layer {
  name: "relu7"
  type: "ReLU"
  bottom: "fc7"
  top: "fc7"
}
layer {
  name: "cls_score"
  type: "InnerProduct"
  bottom: "fc7"
  top: "cls_score"
  inner_product_param {
    num_output: 21
  }
}
layer {
  name: "bbox_pred"
  type: "InnerProduct"
  bottom: "fc7"
  top: "bbox_pred"
  inner_product_param {
    num_output: 84
  }
}
layer {
  name: "cls_prob"
  type: "Softmax"
  bottom: "cls_score"
  top: "cls_prob"
}
I1211 23:27:27.570757  5102 net.cpp:413] Input 0 -> data
I1211 23:27:27.635951  5102 net.cpp:413] Input 1 -> im_info
I1211 23:27:27.636014  5102 layer_factory.hpp:77] Creating layer conv1_1
I1211 23:27:27.636037  5102 net.cpp:106] Creating Layer conv1_1
I1211 23:27:27.636044  5102 net.cpp:454] conv1_1 <- data
I1211 23:27:27.636049  5102 net.cpp:411] conv1_1 -> conv1_1
I1211 23:27:27.637558  5102 net.cpp:150] Setting up conv1_1
I1211 23:27:27.637575  5102 net.cpp:157] Top shape: 1 64 224 224 (3211264)
I1211 23:27:27.637579  5102 net.cpp:165] Memory required for data: 12845056
I1211 23:27:27.637595  5102 layer_factory.hpp:77] Creating layer relu1_1
I1211 23:27:27.637604  5102 net.cpp:106] Creating Layer relu1_1
I1211 23:27:27.637609  5102 net.cpp:454] relu1_1 <- conv1_1
I1211 23:27:27.637614  5102 net.cpp:397] relu1_1 -> conv1_1 (in-place)
I1211 23:27:27.637621  5102 net.cpp:150] Setting up relu1_1
I1211 23:27:27.637625  5102 net.cpp:157] Top shape: 1 64 224 224 (3211264)
I1211 23:27:27.637629  5102 net.cpp:165] Memory required for data: 25690112
I1211 23:27:27.637630  5102 layer_factory.hpp:77] Creating layer conv1_2
I1211 23:27:27.637637  5102 net.cpp:106] Creating Layer conv1_2
I1211 23:27:27.637641  5102 net.cpp:454] conv1_2 <- conv1_1
I1211 23:27:27.637646  5102 net.cpp:411] conv1_2 -> conv1_2
I1211 23:27:27.637917  5102 net.cpp:150] Setting up conv1_2
I1211 23:27:27.637930  5102 net.cpp:157] Top shape: 1 64 224 224 (3211264)
I1211 23:27:27.637934  5102 net.cpp:165] Memory required for data: 38535168
I1211 23:27:27.637943  5102 layer_factory.hpp:77] Creating layer relu1_2
I1211 23:27:27.637948  5102 net.cpp:106] Creating Layer relu1_2
I1211 23:27:27.637951  5102 net.cpp:454] relu1_2 <- conv1_2
I1211 23:27:27.637956  5102 net.cpp:397] relu1_2 -> conv1_2 (in-place)
I1211 23:27:27.637964  5102 net.cpp:150] Setting up relu1_2
I1211 23:27:27.637974  5102 net.cpp:157] Top shape: 1 64 224 224 (3211264)
I1211 23:27:27.637976  5102 net.cpp:165] Memory required for data: 51380224
I1211 23:27:27.637979  5102 layer_factory.hpp:77] Creating layer pool1
I1211 23:27:27.637986  5102 net.cpp:106] Creating Layer pool1
I1211 23:27:27.637989  5102 net.cpp:454] pool1 <- conv1_2
I1211 23:27:27.637994  5102 net.cpp:411] pool1 -> pool1
I1211 23:27:27.638032  5102 net.cpp:150] Setting up pool1
I1211 23:27:27.638038  5102 net.cpp:157] Top shape: 1 64 112 112 (802816)
I1211 23:27:27.638041  5102 net.cpp:165] Memory required for data: 54591488
I1211 23:27:27.638044  5102 layer_factory.hpp:77] Creating layer conv2_1
I1211 23:27:27.638051  5102 net.cpp:106] Creating Layer conv2_1
I1211 23:27:27.638053  5102 net.cpp:454] conv2_1 <- pool1
I1211 23:27:27.638058  5102 net.cpp:411] conv2_1 -> conv2_1
I1211 23:27:27.639533  5102 net.cpp:150] Setting up conv2_1
I1211 23:27:27.639546  5102 net.cpp:157] Top shape: 1 128 112 112 (1605632)
I1211 23:27:27.639550  5102 net.cpp:165] Memory required for data: 61014016
I1211 23:27:27.639560  5102 layer_factory.hpp:77] Creating layer relu2_1
I1211 23:27:27.639567  5102 net.cpp:106] Creating Layer relu2_1
I1211 23:27:27.639571  5102 net.cpp:454] relu2_1 <- conv2_1
I1211 23:27:27.639576  5102 net.cpp:397] relu2_1 -> conv2_1 (in-place)
I1211 23:27:27.639582  5102 net.cpp:150] Setting up relu2_1
I1211 23:27:27.639586  5102 net.cpp:157] Top shape: 1 128 112 112 (1605632)
I1211 23:27:27.639590  5102 net.cpp:165] Memory required for data: 67436544
I1211 23:27:27.639591  5102 layer_factory.hpp:77] Creating layer conv2_2
I1211 23:27:27.639598  5102 net.cpp:106] Creating Layer conv2_2
I1211 23:27:27.639601  5102 net.cpp:454] conv2_2 <- conv2_1
I1211 23:27:27.639606  5102 net.cpp:411] conv2_2 -> conv2_2
I1211 23:27:27.639915  5102 net.cpp:150] Setting up conv2_2
I1211 23:27:27.639924  5102 net.cpp:157] Top shape: 1 128 112 112 (1605632)
I1211 23:27:27.639926  5102 net.cpp:165] Memory required for data: 73859072
I1211 23:27:27.639932  5102 layer_factory.hpp:77] Creating layer relu2_2
I1211 23:27:27.639940  5102 net.cpp:106] Creating Layer relu2_2
I1211 23:27:27.639942  5102 net.cpp:454] relu2_2 <- conv2_2
I1211 23:27:27.639947  5102 net.cpp:397] relu2_2 -> conv2_2 (in-place)
I1211 23:27:27.639952  5102 net.cpp:150] Setting up relu2_2
I1211 23:27:27.639956  5102 net.cpp:157] Top shape: 1 128 112 112 (1605632)
I1211 23:27:27.639964  5102 net.cpp:165] Memory required for data: 80281600
I1211 23:27:27.639967  5102 layer_factory.hpp:77] Creating layer pool2
I1211 23:27:27.639983  5102 net.cpp:106] Creating Layer pool2
I1211 23:27:27.639986  5102 net.cpp:454] pool2 <- conv2_2
I1211 23:27:27.639991  5102 net.cpp:411] pool2 -> pool2
I1211 23:27:27.640024  5102 net.cpp:150] Setting up pool2
I1211 23:27:27.640031  5102 net.cpp:157] Top shape: 1 128 56 56 (401408)
I1211 23:27:27.640034  5102 net.cpp:165] Memory required for data: 81887232
I1211 23:27:27.640038  5102 layer_factory.hpp:77] Creating layer conv3_1
I1211 23:27:27.640044  5102 net.cpp:106] Creating Layer conv3_1
I1211 23:27:27.640048  5102 net.cpp:454] conv3_1 <- pool2
I1211 23:27:27.640053  5102 net.cpp:411] conv3_1 -> conv3_1
I1211 23:27:27.641109  5102 net.cpp:150] Setting up conv3_1
I1211 23:27:27.641120  5102 net.cpp:157] Top shape: 1 256 56 56 (802816)
I1211 23:27:27.641124  5102 net.cpp:165] Memory required for data: 85098496
I1211 23:27:27.641134  5102 layer_factory.hpp:77] Creating layer relu3_1
I1211 23:27:27.641140  5102 net.cpp:106] Creating Layer relu3_1
I1211 23:27:27.641144  5102 net.cpp:454] relu3_1 <- conv3_1
I1211 23:27:27.641149  5102 net.cpp:397] relu3_1 -> conv3_1 (in-place)
I1211 23:27:27.641155  5102 net.cpp:150] Setting up relu3_1
I1211 23:27:27.641158  5102 net.cpp:157] Top shape: 1 256 56 56 (802816)
I1211 23:27:27.641161  5102 net.cpp:165] Memory required for data: 88309760
I1211 23:27:27.641163  5102 layer_factory.hpp:77] Creating layer conv3_2
I1211 23:27:27.641172  5102 net.cpp:106] Creating Layer conv3_2
I1211 23:27:27.641177  5102 net.cpp:454] conv3_2 <- conv3_1
I1211 23:27:27.641185  5102 net.cpp:411] conv3_2 -> conv3_2
I1211 23:27:27.643106  5102 net.cpp:150] Setting up conv3_2
I1211 23:27:27.643120  5102 net.cpp:157] Top shape: 1 256 56 56 (802816)
I1211 23:27:27.643123  5102 net.cpp:165] Memory required for data: 91521024
I1211 23:27:27.643131  5102 layer_factory.hpp:77] Creating layer relu3_2
I1211 23:27:27.643136  5102 net.cpp:106] Creating Layer relu3_2
I1211 23:27:27.643141  5102 net.cpp:454] relu3_2 <- conv3_2
I1211 23:27:27.643146  5102 net.cpp:397] relu3_2 -> conv3_2 (in-place)
I1211 23:27:27.643152  5102 net.cpp:150] Setting up relu3_2
I1211 23:27:27.643157  5102 net.cpp:157] Top shape: 1 256 56 56 (802816)
I1211 23:27:27.643158  5102 net.cpp:165] Memory required for data: 94732288
I1211 23:27:27.643162  5102 layer_factory.hpp:77] Creating layer conv3_3
I1211 23:27:27.643172  5102 net.cpp:106] Creating Layer conv3_3
I1211 23:27:27.643175  5102 net.cpp:454] conv3_3 <- conv3_2
I1211 23:27:27.643180  5102 net.cpp:411] conv3_3 -> conv3_3
I1211 23:27:27.644994  5102 net.cpp:150] Setting up conv3_3
I1211 23:27:27.645005  5102 net.cpp:157] Top shape: 1 256 56 56 (802816)
I1211 23:27:27.645009  5102 net.cpp:165] Memory required for data: 97943552
I1211 23:27:27.645015  5102 layer_factory.hpp:77] Creating layer relu3_3
I1211 23:27:27.645021  5102 net.cpp:106] Creating Layer relu3_3
I1211 23:27:27.645025  5102 net.cpp:454] relu3_3 <- conv3_3
I1211 23:27:27.645030  5102 net.cpp:397] relu3_3 -> conv3_3 (in-place)
I1211 23:27:27.645036  5102 net.cpp:150] Setting up relu3_3
I1211 23:27:27.645045  5102 net.cpp:157] Top shape: 1 256 56 56 (802816)
I1211 23:27:27.645047  5102 net.cpp:165] Memory required for data: 101154816
I1211 23:27:27.645051  5102 layer_factory.hpp:77] Creating layer pool3
I1211 23:27:27.645058  5102 net.cpp:106] Creating Layer pool3
I1211 23:27:27.645061  5102 net.cpp:454] pool3 <- conv3_3
I1211 23:27:27.645066  5102 net.cpp:411] pool3 -> pool3
I1211 23:27:27.645100  5102 net.cpp:150] Setting up pool3
I1211 23:27:27.645107  5102 net.cpp:157] Top shape: 1 256 28 28 (200704)
I1211 23:27:27.645109  5102 net.cpp:165] Memory required for data: 101957632
I1211 23:27:27.645112  5102 layer_factory.hpp:77] Creating layer conv4_1
I1211 23:27:27.645119  5102 net.cpp:106] Creating Layer conv4_1
I1211 23:27:27.645123  5102 net.cpp:454] conv4_1 <- pool3
I1211 23:27:27.645128  5102 net.cpp:411] conv4_1 -> conv4_1
I1211 23:27:27.648977  5102 net.cpp:150] Setting up conv4_1
I1211 23:27:27.648991  5102 net.cpp:157] Top shape: 1 512 28 28 (401408)
I1211 23:27:27.648994  5102 net.cpp:165] Memory required for data: 103563264
I1211 23:27:27.649001  5102 layer_factory.hpp:77] Creating layer relu4_1
I1211 23:27:27.649008  5102 net.cpp:106] Creating Layer relu4_1
I1211 23:27:27.649011  5102 net.cpp:454] relu4_1 <- conv4_1
I1211 23:27:27.649018  5102 net.cpp:397] relu4_1 -> conv4_1 (in-place)
I1211 23:27:27.649024  5102 net.cpp:150] Setting up relu4_1
I1211 23:27:27.649027  5102 net.cpp:157] Top shape: 1 512 28 28 (401408)
I1211 23:27:27.649030  5102 net.cpp:165] Memory required for data: 105168896
I1211 23:27:27.649034  5102 layer_factory.hpp:77] Creating layer conv4_2
I1211 23:27:27.649040  5102 net.cpp:106] Creating Layer conv4_2
I1211 23:27:27.649044  5102 net.cpp:454] conv4_2 <- conv4_1
I1211 23:27:27.649049  5102 net.cpp:411] conv4_2 -> conv4_2
I1211 23:27:27.656008  5102 net.cpp:150] Setting up conv4_2
I1211 23:27:27.656029  5102 net.cpp:157] Top shape: 1 512 28 28 (401408)
I1211 23:27:27.656034  5102 net.cpp:165] Memory required for data: 106774528
I1211 23:27:27.656049  5102 layer_factory.hpp:77] Creating layer relu4_2
I1211 23:27:27.656057  5102 net.cpp:106] Creating Layer relu4_2
I1211 23:27:27.656061  5102 net.cpp:454] relu4_2 <- conv4_2
I1211 23:27:27.656067  5102 net.cpp:397] relu4_2 -> conv4_2 (in-place)
I1211 23:27:27.656080  5102 net.cpp:150] Setting up relu4_2
I1211 23:27:27.656085  5102 net.cpp:157] Top shape: 1 512 28 28 (401408)
I1211 23:27:27.656087  5102 net.cpp:165] Memory required for data: 108380160
I1211 23:27:27.656090  5102 layer_factory.hpp:77] Creating layer conv4_3
I1211 23:27:27.656097  5102 net.cpp:106] Creating Layer conv4_3
I1211 23:27:27.656100  5102 net.cpp:454] conv4_3 <- conv4_2
I1211 23:27:27.656106  5102 net.cpp:411] conv4_3 -> conv4_3
I1211 23:27:27.662338  5102 net.cpp:150] Setting up conv4_3
I1211 23:27:27.662355  5102 net.cpp:157] Top shape: 1 512 28 28 (401408)
I1211 23:27:27.662358  5102 net.cpp:165] Memory required for data: 109985792
I1211 23:27:27.662367  5102 layer_factory.hpp:77] Creating layer relu4_3
I1211 23:27:27.662375  5102 net.cpp:106] Creating Layer relu4_3
I1211 23:27:27.662379  5102 net.cpp:454] relu4_3 <- conv4_3
I1211 23:27:27.662386  5102 net.cpp:397] relu4_3 -> conv4_3 (in-place)
I1211 23:27:27.662394  5102 net.cpp:150] Setting up relu4_3
I1211 23:27:27.662397  5102 net.cpp:157] Top shape: 1 512 28 28 (401408)
I1211 23:27:27.662400  5102 net.cpp:165] Memory required for data: 111591424
I1211 23:27:27.662402  5102 layer_factory.hpp:77] Creating layer pool4
I1211 23:27:27.662416  5102 net.cpp:106] Creating Layer pool4
I1211 23:27:27.662420  5102 net.cpp:454] pool4 <- conv4_3
I1211 23:27:27.662425  5102 net.cpp:411] pool4 -> pool4
I1211 23:27:27.662458  5102 net.cpp:150] Setting up pool4
I1211 23:27:27.662466  5102 net.cpp:157] Top shape: 1 512 14 14 (100352)
I1211 23:27:27.662468  5102 net.cpp:165] Memory required for data: 111992832
I1211 23:27:27.662470  5102 layer_factory.hpp:77] Creating layer conv5_1
I1211 23:27:27.662478  5102 net.cpp:106] Creating Layer conv5_1
I1211 23:27:27.662482  5102 net.cpp:454] conv5_1 <- pool4
I1211 23:27:27.662487  5102 net.cpp:411] conv5_1 -> conv5_1
I1211 23:27:27.668797  5102 net.cpp:150] Setting up conv5_1
I1211 23:27:27.668817  5102 net.cpp:157] Top shape: 1 512 14 14 (100352)
I1211 23:27:27.668820  5102 net.cpp:165] Memory required for data: 112394240
I1211 23:27:27.668829  5102 layer_factory.hpp:77] Creating layer relu5_1
I1211 23:27:27.668838  5102 net.cpp:106] Creating Layer relu5_1
I1211 23:27:27.668841  5102 net.cpp:454] relu5_1 <- conv5_1
I1211 23:27:27.668848  5102 net.cpp:397] relu5_1 -> conv5_1 (in-place)
I1211 23:27:27.668855  5102 net.cpp:150] Setting up relu5_1
I1211 23:27:27.668859  5102 net.cpp:157] Top shape: 1 512 14 14 (100352)
I1211 23:27:27.668861  5102 net.cpp:165] Memory required for data: 112795648
I1211 23:27:27.668864  5102 layer_factory.hpp:77] Creating layer conv5_2
I1211 23:27:27.668872  5102 net.cpp:106] Creating Layer conv5_2
I1211 23:27:27.668876  5102 net.cpp:454] conv5_2 <- conv5_1
I1211 23:27:27.668881  5102 net.cpp:411] conv5_2 -> conv5_2
I1211 23:27:27.675233  5102 net.cpp:150] Setting up conv5_2
I1211 23:27:27.675252  5102 net.cpp:157] Top shape: 1 512 14 14 (100352)
I1211 23:27:27.675257  5102 net.cpp:165] Memory required for data: 113197056
I1211 23:27:27.675266  5102 layer_factory.hpp:77] Creating layer relu5_2
I1211 23:27:27.675273  5102 net.cpp:106] Creating Layer relu5_2
I1211 23:27:27.675278  5102 net.cpp:454] relu5_2 <- conv5_2
I1211 23:27:27.675284  5102 net.cpp:397] relu5_2 -> conv5_2 (in-place)
I1211 23:27:27.675293  5102 net.cpp:150] Setting up relu5_2
I1211 23:27:27.675303  5102 net.cpp:157] Top shape: 1 512 14 14 (100352)
I1211 23:27:27.675305  5102 net.cpp:165] Memory required for data: 113598464
I1211 23:27:27.675308  5102 layer_factory.hpp:77] Creating layer conv5_3
I1211 23:27:27.675317  5102 net.cpp:106] Creating Layer conv5_3
I1211 23:27:27.675319  5102 net.cpp:454] conv5_3 <- conv5_2
I1211 23:27:27.675324  5102 net.cpp:411] conv5_3 -> conv5_3
I1211 23:27:27.681659  5102 net.cpp:150] Setting up conv5_3
I1211 23:27:27.681677  5102 net.cpp:157] Top shape: 1 512 14 14 (100352)
I1211 23:27:27.681680  5102 net.cpp:165] Memory required for data: 113999872
I1211 23:27:27.681689  5102 layer_factory.hpp:77] Creating layer relu5_3
I1211 23:27:27.681696  5102 net.cpp:106] Creating Layer relu5_3
I1211 23:27:27.681700  5102 net.cpp:454] relu5_3 <- conv5_3
I1211 23:27:27.681706  5102 net.cpp:397] relu5_3 -> conv5_3 (in-place)
I1211 23:27:27.681720  5102 net.cpp:150] Setting up relu5_3
I1211 23:27:27.681725  5102 net.cpp:157] Top shape: 1 512 14 14 (100352)
I1211 23:27:27.681727  5102 net.cpp:165] Memory required for data: 114401280
I1211 23:27:27.681730  5102 layer_factory.hpp:77] Creating layer conv5_3_relu5_3_0_split
I1211 23:27:27.683127  5102 net.cpp:106] Creating Layer conv5_3_relu5_3_0_split
I1211 23:27:27.683136  5102 net.cpp:454] conv5_3_relu5_3_0_split <- conv5_3
I1211 23:27:27.683142  5102 net.cpp:411] conv5_3_relu5_3_0_split -> conv5_3_relu5_3_0_split_0
I1211 23:27:27.683151  5102 net.cpp:411] conv5_3_relu5_3_0_split -> conv5_3_relu5_3_0_split_1
I1211 23:27:27.683199  5102 net.cpp:150] Setting up conv5_3_relu5_3_0_split
I1211 23:27:27.683207  5102 net.cpp:157] Top shape: 1 512 14 14 (100352)
I1211 23:27:27.683212  5102 net.cpp:157] Top shape: 1 512 14 14 (100352)
I1211 23:27:27.683214  5102 net.cpp:165] Memory required for data: 115204096
I1211 23:27:27.683217  5102 layer_factory.hpp:77] Creating layer rpn_conv/3x3
I1211 23:27:27.683225  5102 net.cpp:106] Creating Layer rpn_conv/3x3
I1211 23:27:27.683228  5102 net.cpp:454] rpn_conv/3x3 <- conv5_3_relu5_3_0_split_0
I1211 23:27:27.683233  5102 net.cpp:411] rpn_conv/3x3 -> rpn/output
I1211 23:27:27.689498  5102 net.cpp:150] Setting up rpn_conv/3x3
I1211 23:27:27.689515  5102 net.cpp:157] Top shape: 1 512 14 14 (100352)
I1211 23:27:27.689518  5102 net.cpp:165] Memory required for data: 115605504
I1211 23:27:27.689527  5102 layer_factory.hpp:77] Creating layer rpn_relu/3x3
I1211 23:27:27.689538  5102 net.cpp:106] Creating Layer rpn_relu/3x3
I1211 23:27:27.689543  5102 net.cpp:454] rpn_relu/3x3 <- rpn/output
I1211 23:27:27.689548  5102 net.cpp:397] rpn_relu/3x3 -> rpn/output (in-place)
I1211 23:27:27.689555  5102 net.cpp:150] Setting up rpn_relu/3x3
I1211 23:27:27.689559  5102 net.cpp:157] Top shape: 1 512 14 14 (100352)
I1211 23:27:27.689561  5102 net.cpp:165] Memory required for data: 116006912
I1211 23:27:27.689564  5102 layer_factory.hpp:77] Creating layer rpn/output_rpn_relu/3x3_0_split
I1211 23:27:27.689569  5102 net.cpp:106] Creating Layer rpn/output_rpn_relu/3x3_0_split
I1211 23:27:27.689573  5102 net.cpp:454] rpn/output_rpn_relu/3x3_0_split <- rpn/output
I1211 23:27:27.689582  5102 net.cpp:411] rpn/output_rpn_relu/3x3_0_split -> rpn/output_rpn_relu/3x3_0_split_0
I1211 23:27:27.689587  5102 net.cpp:411] rpn/output_rpn_relu/3x3_0_split -> rpn/output_rpn_relu/3x3_0_split_1
I1211 23:27:27.689622  5102 net.cpp:150] Setting up rpn/output_rpn_relu/3x3_0_split
I1211 23:27:27.689628  5102 net.cpp:157] Top shape: 1 512 14 14 (100352)
I1211 23:27:27.689632  5102 net.cpp:157] Top shape: 1 512 14 14 (100352)
I1211 23:27:27.689635  5102 net.cpp:165] Memory required for data: 116809728
I1211 23:27:27.689637  5102 layer_factory.hpp:77] Creating layer rpn_cls_score
I1211 23:27:27.689646  5102 net.cpp:106] Creating Layer rpn_cls_score
I1211 23:27:27.689649  5102 net.cpp:454] rpn_cls_score <- rpn/output_rpn_relu/3x3_0_split_0
I1211 23:27:27.689654  5102 net.cpp:411] rpn_cls_score -> rpn_cls_score
I1211 23:27:27.689872  5102 net.cpp:150] Setting up rpn_cls_score
I1211 23:27:27.689880  5102 net.cpp:157] Top shape: 1 18 14 14 (3528)
I1211 23:27:27.689883  5102 net.cpp:165] Memory required for data: 116823840
I1211 23:27:27.689889  5102 layer_factory.hpp:77] Creating layer rpn_bbox_pred
I1211 23:27:27.689896  5102 net.cpp:106] Creating Layer rpn_bbox_pred
I1211 23:27:27.689899  5102 net.cpp:454] rpn_bbox_pred <- rpn/output_rpn_relu/3x3_0_split_1
I1211 23:27:27.689904  5102 net.cpp:411] rpn_bbox_pred -> rpn_bbox_pred
I1211 23:27:27.690135  5102 net.cpp:150] Setting up rpn_bbox_pred
I1211 23:27:27.690143  5102 net.cpp:157] Top shape: 1 36 14 14 (7056)
I1211 23:27:27.690146  5102 net.cpp:165] Memory required for data: 116852064
I1211 23:27:27.690152  5102 layer_factory.hpp:77] Creating layer rpn_cls_score_reshape
I1211 23:27:27.690163  5102 net.cpp:106] Creating Layer rpn_cls_score_reshape
I1211 23:27:27.690166  5102 net.cpp:454] rpn_cls_score_reshape <- rpn_cls_score
I1211 23:27:27.690172  5102 net.cpp:411] rpn_cls_score_reshape -> rpn_cls_score_reshape
I1211 23:27:27.690201  5102 net.cpp:150] Setting up rpn_cls_score_reshape
I1211 23:27:27.690207  5102 net.cpp:157] Top shape: 1 2 126 14 (3528)
I1211 23:27:27.690210  5102 net.cpp:165] Memory required for data: 116866176
I1211 23:27:27.690213  5102 layer_factory.hpp:77] Creating layer rpn_cls_prob
I1211 23:27:27.690219  5102 net.cpp:106] Creating Layer rpn_cls_prob
I1211 23:27:27.690222  5102 net.cpp:454] rpn_cls_prob <- rpn_cls_score_reshape
I1211 23:27:27.690227  5102 net.cpp:411] rpn_cls_prob -> rpn_cls_prob
I1211 23:27:27.690280  5102 net.cpp:150] Setting up rpn_cls_prob
I1211 23:27:27.690286  5102 net.cpp:157] Top shape: 1 2 126 14 (3528)
I1211 23:27:27.690289  5102 net.cpp:165] Memory required for data: 116880288
I1211 23:27:27.690291  5102 layer_factory.hpp:77] Creating layer rpn_cls_prob_reshape
I1211 23:27:27.690296  5102 net.cpp:106] Creating Layer rpn_cls_prob_reshape
I1211 23:27:27.690299  5102 net.cpp:454] rpn_cls_prob_reshape <- rpn_cls_prob
I1211 23:27:27.690304  5102 net.cpp:411] rpn_cls_prob_reshape -> rpn_cls_prob_reshape
I1211 23:27:27.690323  5102 net.cpp:150] Setting up rpn_cls_prob_reshape
I1211 23:27:27.690328  5102 net.cpp:157] Top shape: 1 18 14 14 (3528)
I1211 23:27:27.690331  5102 net.cpp:165] Memory required for data: 116894400
I1211 23:27:27.690333  5102 layer_factory.hpp:77] Creating layer proposal
I1211 23:27:27.790482  5102 net.cpp:106] Creating Layer proposal
I1211 23:27:27.790521  5102 net.cpp:454] proposal <- rpn_cls_prob_reshape
I1211 23:27:27.790534  5102 net.cpp:454] proposal <- rpn_bbox_pred
I1211 23:27:27.790541  5102 net.cpp:454] proposal <- im_info
I1211 23:27:27.790552  5102 net.cpp:411] proposal -> rois
I1211 23:27:27.793532  5102 net.cpp:150] Setting up proposal
I1211 23:27:27.793565  5102 net.cpp:157] Top shape: 1 5 (5)
I1211 23:27:27.793571  5102 net.cpp:165] Memory required for data: 116894420
I1211 23:27:27.793579  5102 layer_factory.hpp:77] Creating layer roi_pool5
I1211 23:27:27.793599  5102 net.cpp:106] Creating Layer roi_pool5
I1211 23:27:27.793606  5102 net.cpp:454] roi_pool5 <- conv5_3_relu5_3_0_split_1
I1211 23:27:27.793615  5102 net.cpp:454] roi_pool5 <- rois
I1211 23:27:27.793624  5102 net.cpp:411] roi_pool5 -> pool5
I1211 23:27:27.793642  5102 roi_pooling_layer.cpp:30] Spatial scale: 0.0625
I1211 23:27:27.793730  5102 net.cpp:150] Setting up roi_pool5
I1211 23:27:27.793741  5102 net.cpp:157] Top shape: 1 512 7 7 (25088)
I1211 23:27:27.793747  5102 net.cpp:165] Memory required for data: 116994772
I1211 23:27:27.793752  5102 layer_factory.hpp:77] Creating layer fc6
I1211 23:27:27.793767  5102 net.cpp:106] Creating Layer fc6
I1211 23:27:27.793773  5102 net.cpp:454] fc6 <- pool5
I1211 23:27:27.793781  5102 net.cpp:411] fc6 -> fc6
I1211 23:27:28.088198  5102 net.cpp:150] Setting up fc6
I1211 23:27:28.088230  5102 net.cpp:157] Top shape: 1 4096 (4096)
I1211 23:27:28.088237  5102 net.cpp:165] Memory required for data: 117011156
I1211 23:27:28.088258  5102 layer_factory.hpp:77] Creating layer relu6
I1211 23:27:28.088271  5102 net.cpp:106] Creating Layer relu6
I1211 23:27:28.088276  5102 net.cpp:454] relu6 <- fc6
I1211 23:27:28.088285  5102 net.cpp:397] relu6 -> fc6 (in-place)
I1211 23:27:28.088297  5102 net.cpp:150] Setting up relu6
I1211 23:27:28.088304  5102 net.cpp:157] Top shape: 1 4096 (4096)
I1211 23:27:28.088307  5102 net.cpp:165] Memory required for data: 117027540
I1211 23:27:28.088310  5102 layer_factory.hpp:77] Creating layer fc7
I1211 23:27:28.088320  5102 net.cpp:106] Creating Layer fc7
I1211 23:27:28.088323  5102 net.cpp:454] fc7 <- fc6
I1211 23:27:28.088330  5102 net.cpp:411] fc7 -> fc7
I1211 23:27:28.151427  5102 net.cpp:150] Setting up fc7
I1211 23:27:28.151455  5102 net.cpp:157] Top shape: 1 4096 (4096)
I1211 23:27:28.151459  5102 net.cpp:165] Memory required for data: 117043924
I1211 23:27:28.151471  5102 layer_factory.hpp:77] Creating layer relu7
I1211 23:27:28.151482  5102 net.cpp:106] Creating Layer relu7
I1211 23:27:28.151486  5102 net.cpp:454] relu7 <- fc7
I1211 23:27:28.151494  5102 net.cpp:397] relu7 -> fc7 (in-place)
I1211 23:27:28.151502  5102 net.cpp:150] Setting up relu7
I1211 23:27:28.151506  5102 net.cpp:157] Top shape: 1 4096 (4096)
I1211 23:27:28.151509  5102 net.cpp:165] Memory required for data: 117060308
I1211 23:27:28.151511  5102 layer_factory.hpp:77] Creating layer fc7_relu7_0_split
I1211 23:27:28.151517  5102 net.cpp:106] Creating Layer fc7_relu7_0_split
I1211 23:27:28.151520  5102 net.cpp:454] fc7_relu7_0_split <- fc7
I1211 23:27:28.151525  5102 net.cpp:411] fc7_relu7_0_split -> fc7_relu7_0_split_0
I1211 23:27:28.151530  5102 net.cpp:411] fc7_relu7_0_split -> fc7_relu7_0_split_1
I1211 23:27:28.151566  5102 net.cpp:150] Setting up fc7_relu7_0_split
I1211 23:27:28.151571  5102 net.cpp:157] Top shape: 1 4096 (4096)
I1211 23:27:28.151576  5102 net.cpp:157] Top shape: 1 4096 (4096)
I1211 23:27:28.151578  5102 net.cpp:165] Memory required for data: 117093076
I1211 23:27:28.151582  5102 layer_factory.hpp:77] Creating layer cls_score
I1211 23:27:28.151588  5102 net.cpp:106] Creating Layer cls_score
I1211 23:27:28.151592  5102 net.cpp:454] cls_score <- fc7_relu7_0_split_0
I1211 23:27:28.151597  5102 net.cpp:411] cls_score -> cls_score
I1211 23:27:28.152520  5102 net.cpp:150] Setting up cls_score
I1211 23:27:28.152531  5102 net.cpp:157] Top shape: 1 21 (21)
I1211 23:27:28.152534  5102 net.cpp:165] Memory required for data: 117093160
I1211 23:27:28.152541  5102 layer_factory.hpp:77] Creating layer bbox_pred
I1211 23:27:28.152549  5102 net.cpp:106] Creating Layer bbox_pred
I1211 23:27:28.152552  5102 net.cpp:454] bbox_pred <- fc7_relu7_0_split_1
I1211 23:27:28.152557  5102 net.cpp:411] bbox_pred -> bbox_pred
I1211 23:27:28.161589  5102 net.cpp:150] Setting up bbox_pred
I1211 23:27:28.161617  5102 net.cpp:157] Top shape: 1 84 (84)
I1211 23:27:28.161620  5102 net.cpp:165] Memory required for data: 117093496
I1211 23:27:28.161633  5102 layer_factory.hpp:77] Creating layer cls_prob
I1211 23:27:28.161643  5102 net.cpp:106] Creating Layer cls_prob
I1211 23:27:28.161648  5102 net.cpp:454] cls_prob <- cls_score
I1211 23:27:28.161656  5102 net.cpp:411] cls_prob -> cls_prob
I1211 23:27:28.161720  5102 net.cpp:150] Setting up cls_prob
I1211 23:27:28.161727  5102 net.cpp:157] Top shape: 1 21 (21)
I1211 23:27:28.161731  5102 net.cpp:165] Memory required for data: 117093580
I1211 23:27:28.161733  5102 net.cpp:228] cls_prob does not need backward computation.
I1211 23:27:28.161736  5102 net.cpp:228] bbox_pred does not need backward computation.
I1211 23:27:28.161739  5102 net.cpp:228] cls_score does not need backward computation.
I1211 23:27:28.161743  5102 net.cpp:228] fc7_relu7_0_split does not need backward computation.
I1211 23:27:28.161747  5102 net.cpp:228] relu7 does not need backward computation.
I1211 23:27:28.161751  5102 net.cpp:228] fc7 does not need backward computation.
I1211 23:27:28.161753  5102 net.cpp:228] relu6 does not need backward computation.
I1211 23:27:28.161756  5102 net.cpp:228] fc6 does not need backward computation.
I1211 23:27:28.161761  5102 net.cpp:228] roi_pool5 does not need backward computation.
I1211 23:27:28.161764  5102 net.cpp:228] proposal does not need backward computation.
I1211 23:27:28.161768  5102 net.cpp:228] rpn_cls_prob_reshape does not need backward computation.
I1211 23:27:28.161772  5102 net.cpp:228] rpn_cls_prob does not need backward computation.
I1211 23:27:28.161775  5102 net.cpp:228] rpn_cls_score_reshape does not need backward computation.
I1211 23:27:28.161779  5102 net.cpp:228] rpn_bbox_pred does not need backward computation.
I1211 23:27:28.161782  5102 net.cpp:228] rpn_cls_score does not need backward computation.
I1211 23:27:28.161787  5102 net.cpp:228] rpn/output_rpn_relu/3x3_0_split does not need backward computation.
I1211 23:27:28.161790  5102 net.cpp:228] rpn_relu/3x3 does not need backward computation.
I1211 23:27:28.161793  5102 net.cpp:228] rpn_conv/3x3 does not need backward computation.
I1211 23:27:28.161798  5102 net.cpp:228] conv5_3_relu5_3_0_split does not need backward computation.
I1211 23:27:28.161800  5102 net.cpp:228] relu5_3 does not need backward computation.
I1211 23:27:28.161803  5102 net.cpp:228] conv5_3 does not need backward computation.
I1211 23:27:28.161808  5102 net.cpp:228] relu5_2 does not need backward computation.
I1211 23:27:28.161810  5102 net.cpp:228] conv5_2 does not need backward computation.
I1211 23:27:28.161814  5102 net.cpp:228] relu5_1 does not need backward computation.
I1211 23:27:28.161818  5102 net.cpp:228] conv5_1 does not need backward computation.
I1211 23:27:28.161820  5102 net.cpp:228] pool4 does not need backward computation.
I1211 23:27:28.161824  5102 net.cpp:228] relu4_3 does not need backward computation.
I1211 23:27:28.161828  5102 net.cpp:228] conv4_3 does not need backward computation.
I1211 23:27:28.161830  5102 net.cpp:228] relu4_2 does not need backward computation.
I1211 23:27:28.161834  5102 net.cpp:228] conv4_2 does not need backward computation.
I1211 23:27:28.161836  5102 net.cpp:228] relu4_1 does not need backward computation.
I1211 23:27:28.161839  5102 net.cpp:228] conv4_1 does not need backward computation.
I1211 23:27:28.161844  5102 net.cpp:228] pool3 does not need backward computation.
I1211 23:27:28.161846  5102 net.cpp:228] relu3_3 does not need backward computation.
I1211 23:27:28.161849  5102 net.cpp:228] conv3_3 does not need backward computation.
I1211 23:27:28.161854  5102 net.cpp:228] relu3_2 does not need backward computation.
I1211 23:27:28.161856  5102 net.cpp:228] conv3_2 does not need backward computation.
I1211 23:27:28.161859  5102 net.cpp:228] relu3_1 does not need backward computation.
I1211 23:27:28.161862  5102 net.cpp:228] conv3_1 does not need backward computation.
I1211 23:27:28.161865  5102 net.cpp:228] pool2 does not need backward computation.
I1211 23:27:28.161870  5102 net.cpp:228] relu2_2 does not need backward computation.
I1211 23:27:28.161872  5102 net.cpp:228] conv2_2 does not need backward computation.
I1211 23:27:28.161875  5102 net.cpp:228] relu2_1 does not need backward computation.
I1211 23:27:28.161878  5102 net.cpp:228] conv2_1 does not need backward computation.
I1211 23:27:28.161881  5102 net.cpp:228] pool1 does not need backward computation.
I1211 23:27:28.161885  5102 net.cpp:228] relu1_2 does not need backward computation.
I1211 23:27:28.161887  5102 net.cpp:228] conv1_2 does not need backward computation.
I1211 23:27:28.161890  5102 net.cpp:228] relu1_1 does not need backward computation.
I1211 23:27:28.161893  5102 net.cpp:228] conv1_1 does not need backward computation.
I1211 23:27:28.161896  5102 net.cpp:270] This network produces output bbox_pred
I1211 23:27:28.161900  5102 net.cpp:270] This network produces output cls_prob
I1211 23:27:28.161931  5102 net.cpp:283] Network initialization done.
[libprotobuf WARNING google/protobuf/io/coded_stream.cc:505] Reading dangerously large protocol message.  If the message turns out to be larger than 2147483647 bytes, parsing will be halted for security reasons.  To increase the limit (or to disable these warnings), see CodedInputStream::SetTotalBytesLimit() in google/protobuf/io/coded_stream.h.
[libprotobuf WARNING google/protobuf/io/coded_stream.cc:78] The total number of bytes read was 548317115
I1211 23:27:33.727248  5102 net.cpp:816] Ignoring source layer data
I1211 23:27:33.956182  5102 net.cpp:816] Ignoring source layer drop6
I1211 23:27:33.977321  5102 net.cpp:816] Ignoring source layer drop7
I1211 23:27:33.977341  5102 net.cpp:816] Ignoring source layer fc7_drop7_0_split
I1211 23:27:33.978210  5102 net.cpp:816] Ignoring source layer loss_cls
I1211 23:27:33.978215  5102 net.cpp:816] Ignoring source layer loss_bbox
I1211 23:27:33.982599  5102 net.cpp:816] Ignoring source layer silence_rpn_cls_score
I1211 23:27:33.982612  5102 net.cpp:816] Ignoring source layer silence_rpn_bbox_pred


Loaded network /home/sgabriel/py-faster-rcnn/data/faster_rcnn_models/VGG16_faster_rcnn_final.caffemodel
~~~~~~~~~~~~~~~~~~~~~~~~~~~~~~~~~~~
Demo for data/demo/000456.jpg
Detection took 0.154s for 300 object proposals
~~~~~~~~~~~~~~~~~~~~~~~~~~~~~~~~~~~
Demo for data/demo/000542.jpg
Detection took 0.142s for 161 object proposals
~~~~~~~~~~~~~~~~~~~~~~~~~~~~~~~~~~~
Demo for data/demo/001150.jpg
Detection took 0.146s for 194 object proposals
~~~~~~~~~~~~~~~~~~~~~~~~~~~~~~~~~~~
Demo for data/demo/001763.jpg
Detection took 0.145s for 196 object proposals
~~~~~~~~~~~~~~~~~~~~~~~~~~~~~~~~~~~
Demo for data/demo/004545.jpg
Detection took 0.166s for 300 object proposals
